src/components/common/DiceBox.tsx(81,11): error TS6133: '_rollDice' is declared but its value is never read.
src/components/desktop/CraftingPanel.tsx(152,15): error TS6133: '_goldCost' is declared but its value is never read.
src/components/desktop/DesktopCharacterLayout.tsx(234,15): error TS6133: '_intBonusSkillsAvailable' is declared but its value is never read.
src/components/desktop/DesktopCharacterLayout.tsx(423,19): error TS6133: '_intBonusSkillsAtLevel' is declared but its value is never read.
src/components/desktop/DesktopCharacterLayout.tsx(539,27): error TS6133: '_tierTactics' is declared but its value is never read.
src/components/desktop/DesktopCharacterLayout.tsx(758,11): error TS6133: '_handleAddTactic' is declared but its value is never read.
src/components/desktop/DesktopCharacterLayout.tsx(805,11): error TS6133: '_handleAdvanceRound' is declared but its value is never read.
src/components/desktop/DesktopCharacterLayout.tsx(861,11): error TS6133: '_getProficiencyBonus' is declared but its value is never read.
src/components/desktop/StatsHeader.tsx(66,15): error TS6133: 'netModifier' is declared but its value is never read.
src/components/desktop/WeaponOptionsModal.tsx(65,11): error TS6133: '_getMaxPropertyRunes' is declared but its value is never read.
src/components/desktop/WeaponsPanel.tsx(191,11): error TS6133: '_preparedTactics' is declared but its value is never read.
src/data/classSpecializations.ts(1264,7): error TS6133: '_CLASSES_WITHOUT_SPECIALIZATIONS' is declared but its value is never read.
src/pages/CharacterSheetPage.tsx(828,11): error TS6133: '_handleSelectKineticistImpulse' is declared but its value is never read.
src/utils/archetypeDedication.ts(23,11): error TS6133: '_allFeats' is declared but its value is never read.
src/utils/bulkCalculator.ts(100,15): error TS6133: '_effectiveBulk' is declared but its value is never read.
src/utils/conditionModifiers.ts(65,10): error TS6133: '_emptyModifier' is declared but its value is never read.
src/utils/conditionModifiers.ts(145,10): error TS6133: '_applyStackingRules' is declared but its value is never read.
src/utils/googleDriveSync.ts(161,19): error TS6133: '_fileId' is declared but its value is never read.
src/utils/pf2e-math.ts(349,11): error TS6133: '_dexMod' is declared but its value is never read.
